<?xml version="1.0" encoding="UTF-8"?>
<!-- Generated by org.testng.reporters.JUnitReportReporter -->
<testsuite hostname="Mohammeds-Air.home" failures="0" tests="3" name="apiTests.PetStoreAPI_Tests" time="3.588" errors="0" timestamp="2022-02-20T21:55:21 EST" skipped="0">
  <testcase classname="apiTests.PetStoreAPI_Tests" name="justPrintingSomehing" time="0.193"/>
  <system-out/>
  <testcase classname="apiTests.PetStoreAPI_Tests" name="createAPet" time="3.101"/>
  <system-out/>
  <testcase classname="apiTests.PetStoreAPI_Tests" name="getPetByID" time="0.294"/>
  <system-out/>
</testsuite> <!-- apiTests.PetStoreAPI_Tests -->
