<?xml version="1.0" encoding="UTF-8"?>
<!-- Generated by org.testng.reporters.JUnitReportReporter -->
<testsuite hostname="Mohammeds-Air.home" failures="0" tests="1" name="apiTests.PetStoreAPI_Tests" time="1.791" errors="0" timestamp="2022-02-19T22:00:37 EST" skipped="0">
  <testcase classname="apiTests.PetStoreAPI_Tests" name="createAPet" time="1.791"/>
  <system-out/>
</testsuite> <!-- apiTests.PetStoreAPI_Tests -->
